#
# There is insufficient memory for the Java Runtime Environment to continue.
# Native memory allocation (mmap) failed to map 77594624 bytes for committing reserved memory.
# Possible reasons:
#   The system is out of physical RAM or swap space
#   The process is running with CompressedOops enabled, and the Java Heap may be blocking the growth of the native heap
# Possible solutions:
#   Reduce memory load on the system
#   Increase physical memory or swap space
#   Check if swap backing store is full
#   Decrease Java heap size (-Xmx/-Xms)
#   Decrease number of Java threads
#   Decrease Java thread stack sizes (-Xss)
#   Set larger code cache with -XX:ReservedCodeCacheSize=
#   JVM is running with Unscaled Compressed Oops mode in which the Java heap is
#     placed in the first 4GB address space. The Java Heap base address is the
#     maximum limit for the native heap growth. Please use -XX:HeapBaseMinAddress
#     to set the Java Heap base and to place the Java Heap above 4GB virtual address.
# This output file may be truncated or incomplete.
#
#  Out of Memory Error (os_linux.cpp:2757), pid=19075, tid=0x00007fbe6fbda700
#
# JRE version: OpenJDK Runtime Environment (8.0_222-b10) (build 1.8.0_222-8u222-b10-1ubuntu1~18.04.1-b10)
# Java VM: OpenJDK 64-Bit Server VM (25.222-b10 mixed mode linux-amd64 compressed oops)
# Failed to write core dump. Core dumps have been disabled. To enable core dumping, try "ulimit -c unlimited" before starting Java again
#

---------------  T H R E A D  ---------------

Current thread (0x00007fbe84075800):  VMThread [stack: 0x00007fbe6fadb000,0x00007fbe6fbdb000] [id=19084]

Stack: [0x00007fbe6fadb000,0x00007fbe6fbdb000],  sp=0x00007fbe6fbd94a0,  free space=1017k
Native frames: (J=compiled Java code, j=interpreted, Vv=VM code, C=native code)
V  [libjvm.so+0xab8992]
V  [libjvm.so+0x4dbfd7]
V  [libjvm.so+0x8f33a0]
V  [libjvm.so+0x8ea46e]
V  [libjvm.so+0x96e106]
V  [libjvm.so+0x96f478]
V  [libjvm.so+0x96ba76]
V  [libjvm.so+0x96be0c]
V  [libjvm.so+0x91a5a8]
V  [libjvm.so+0xaba662]
V  [libjvm.so+0xabf1d6]
V  [libjvm.so+0xabd4d5]
V  [libjvm.so+0xabddad]
V  [libjvm.so+0xabe1b8]
V  [libjvm.so+0x8f0732]

VM_Operation (0x00007fbe8e124540): ParallelGCFailedAllocation, mode: safepoint, requested by thread 0x00007fbe8400b800


---------------  P R O C E S S  ---------------

Java Threads: ( => current thread )
  0x00007fbe840bd800 JavaThread "Service Thread" daemon [_thread_blocked, id=19090, stack(0x00007fbe6f195000,0x00007fbe6f296000)]
  0x00007fbe840ba800 JavaThread "C1 CompilerThread1" daemon [_thread_blocked, id=19089, stack(0x00007fbe6f297000,0x00007fbe6f397000)]
  0x00007fbe840b7800 JavaThread "C2 CompilerThread0" daemon [_thread_in_native, id=19088, stack(0x00007fbe6f398000,0x00007fbe6f498000)]
  0x00007fbe840b6000 JavaThread "Signal Dispatcher" daemon [_thread_blocked, id=19087, stack(0x00007fbe6f498000,0x00007fbe6f599000)]
  0x00007fbe84081800 JavaThread "Finalizer" daemon [_thread_blocked, id=19086, stack(0x00007fbe6f8d8000,0x00007fbe6f9d9000)]
  0x00007fbe8407f000 JavaThread "Reference Handler" daemon [_thread_blocked, id=19085, stack(0x00007fbe6f9d9000,0x00007fbe6fada000)]
  0x00007fbe8400b800 JavaThread "main" [_thread_blocked, id=19081, stack(0x00007fbe8e029000,0x00007fbe8e129000)]

Other Threads:
=>0x00007fbe84075800 VMThread [stack: 0x00007fbe6fadb000,0x00007fbe6fbdb000] [id=19084]
  0x00007fbe840c0000 WatcherThread [stack: 0x00007fbe6f095000,0x00007fbe6f195000] [id=19091]

VM state:at safepoint (normal execution)

VM Mutex/Monitor currently owned by a thread:  ([mutex/lock_event])
[0x00007fbe840080f0] Threads_lock - owner thread: 0x00007fbe84075800
[0x00007fbe840085f0] Heap_lock - owner thread: 0x00007fbe8400b800

heap address: 0x00000000c2400000, size: 988 MB, Compressed Oops mode: 32-bit
Narrow klass base: 0x0000000000000000, Narrow klass shift: 3
Compressed class space size: 1073741824 Address: 0x0000000100000000

Heap:
 PSYoungGen      total 66048K, used 2544K [0x00000000eb700000, 0x00000000efa00000, 0x0000000100000000)
  eden space 63488K, 0% used [0x00000000eb700000,0x00000000eb700000,0x00000000ef500000)
  from space 2560K, 99% used [0x00000000ef500000,0x00000000ef77c010,0x00000000ef780000)
  to   space 2560K, 0% used [0x00000000ef780000,0x00000000ef780000,0x00000000efa00000)
 ParOldGen       total 42496K, used 12968K [0x00000000c2400000, 0x00000000c4d80000, 0x00000000eb700000)
  object space 42496K, 30% used [0x00000000c2400000,0x00000000c30aa270,0x00000000c4d80000)
 Metaspace       used 15973K, capacity 16324K, committed 16640K, reserved 1064960K
  class space    used 1884K, capacity 1986K, committed 2048K, reserved 1048576K

Card table byte_map: [0x00007fbe8a3cf000,0x00007fbe8a5be000] byte_map_base: 0x00007fbe89dbd000

Marking Bits: (ParMarkBitMap*) 0x00007fbe8d2bd360
 Begin Bits: [0x00007fbe881a3000, 0x00007fbe89113000)
 End Bits:   [0x00007fbe89113000, 0x00007fbe8a083000)

Polling page: 0x00007fbe8e13e000

CodeCache: size=245760Kb used=7619Kb max_used=7619Kb free=238140Kb
 bounds [0x00007fbe75000000, 0x00007fbe75780000, 0x00007fbe84000000]
 total_blobs=2877 nmethods=2519 adapters=271
 compilation: enabled

Compilation events (10 events):
Event: 4.696 Thread 0x00007fbe840ba800 2534       2       org.apache.maven.model.path.DefaultModelUrlNormalizer::normalize (11 bytes)
Event: 4.696 Thread 0x00007fbe840ba800 nmethod 2534 0x00007fbe75775750 code [0x00007fbe757758c0, 0x00007fbe75775a68]
Event: 4.703 Thread 0x00007fbe840ba800 2535       2       org.apache.maven.model.ModelBase::setRepositories (6 bytes)
Event: 4.703 Thread 0x00007fbe840ba800 nmethod 2535 0x00007fbe75775b50 code [0x00007fbe75775ca0, 0x00007fbe75775e10]
Event: 4.703 Thread 0x00007fbe840ba800 2536       1       org.apache.maven.model.Scm::getChildScmConnectionInheritAppendPath (5 bytes)
Event: 4.703 Thread 0x00007fbe840ba800 nmethod 2536 0x00007fbe75775e90 code [0x00007fbe75775fe0, 0x00007fbe757760f0]
Event: 4.703 Thread 0x00007fbe840ba800 2537       1       org.apache.maven.model.Scm::getChildScmDeveloperConnectionInheritAppendPath (5 bytes)
Event: 4.703 Thread 0x00007fbe840ba800 nmethod 2537 0x00007fbe75776150 code [0x00007fbe757762a0, 0x00007fbe757763b0]
Event: 4.703 Thread 0x00007fbe840ba800 2538       1       org.apache.maven.model.Scm::getChildScmUrlInheritAppendPath (5 bytes)
Event: 4.703 Thread 0x00007fbe840ba800 nmethod 2538 0x00007fbe75776410 code [0x00007fbe75776560, 0x00007fbe75776670]

GC Heap History (9 events):
Event: 1.104 GC heap before
{Heap before GC invocations=1 (full 0):
 PSYoungGen      total 18432K, used 15872K [0x00000000eb700000, 0x00000000ecb80000, 0x0000000100000000)
  eden space 15872K, 100% used [0x00000000eb700000,0x00000000ec680000,0x00000000ec680000)
  from space 2560K, 0% used [0x00000000ec900000,0x00000000ec900000,0x00000000ecb80000)
  to   space 2560K, 0% used [0x00000000ec680000,0x00000000ec680000,0x00000000ec900000)
 ParOldGen       total 42496K, used 0K [0x00000000c2400000, 0x00000000c4d80000, 0x00000000eb700000)
  object space 42496K, 0% used [0x00000000c2400000,0x00000000c2400000,0x00000000c4d80000)
 Metaspace       used 6782K, capacity 6908K, committed 7040K, reserved 1056768K
  class space    used 746K, capacity 792K, committed 896K, reserved 1048576K
Event: 1.115 GC heap after
Heap after GC invocations=1 (full 0):
 PSYoungGen      total 18432K, used 2533K [0x00000000eb700000, 0x00000000edb00000, 0x0000000100000000)
  eden space 15872K, 0% used [0x00000000eb700000,0x00000000eb700000,0x00000000ec680000)
  from space 2560K, 98% used [0x00000000ec680000,0x00000000ec8f9670,0x00000000ec900000)
  to   space 2560K, 0% used [0x00000000ed880000,0x00000000ed880000,0x00000000edb00000)
 ParOldGen       total 42496K, used 601K [0x00000000c2400000, 0x00000000c4d80000, 0x00000000eb700000)
  object space 42496K, 1% used [0x00000000c2400000,0x00000000c2496518,0x00000000c4d80000)
 Metaspace       used 6782K, capacity 6908K, committed 7040K, reserved 1056768K
  class space    used 746K, capacity 792K, committed 896K, reserved 1048576K
}
Event: 1.554 GC heap before
{Heap before GC invocations=2 (full 0):
 PSYoungGen      total 18432K, used 18405K [0x00000000eb700000, 0x00000000edb00000, 0x0000000100000000)
  eden space 15872K, 100% used [0x00000000eb700000,0x00000000ec680000,0x00000000ec680000)
  from space 2560K, 98% used [0x00000000ec680000,0x00000000ec8f9670,0x00000000ec900000)
  to   space 2560K, 0% used [0x00000000ed880000,0x00000000ed880000,0x00000000edb00000)
 ParOldGen       total 42496K, used 601K [0x00000000c2400000, 0x00000000c4d80000, 0x00000000eb700000)
  object space 42496K, 1% used [0x00000000c2400000,0x00000000c2496518,0x00000000c4d80000)
 Metaspace       used 8244K, capacity 8380K, committed 8576K, reserved 1056768K
  class space    used 976K, capacity 1048K, committed 1152K, reserved 1048576K
Event: 1.568 GC heap after
Heap after GC invocations=2 (full 0):
 PSYoungGen      total 34304K, used 2540K [0x00000000eb700000, 0x00000000edb00000, 0x0000000100000000)
  eden space 31744K, 0% used [0x00000000eb700000,0x00000000eb700000,0x00000000ed600000)
  from space 2560K, 99% used [0x00000000ed880000,0x00000000edafb2a8,0x00000000edb00000)
  to   space 2560K, 0% used [0x00000000ed600000,0x00000000ed600000,0x00000000ed880000)
 ParOldGen       total 42496K, used 1126K [0x00000000c2400000, 0x00000000c4d80000, 0x00000000eb700000)
  object space 42496K, 2% used [0x00000000c2400000,0x00000000c2519ab0,0x00000000c4d80000)
 Metaspace       used 8244K, capacity 8380K, committed 8576K, reserved 1056768K
  class space    used 976K, capacity 1048K, committed 1152K, reserved 1048576K
}
Event: 2.029 GC heap before
{Heap before GC invocations=3 (full 0):
 PSYoungGen      total 34304K, used 34284K [0x00000000eb700000, 0x00000000edb00000, 0x0000000100000000)
  eden space 31744K, 100% used [0x00000000eb700000,0x00000000ed600000,0x00000000ed600000)
  from space 2560K, 99% used [0x00000000ed880000,0x00000000edafb2a8,0x00000000edb00000)
  to   space 2560K, 0% used [0x00000000ed600000,0x00000000ed600000,0x00000000ed880000)
 ParOldGen       total 42496K, used 1126K [0x00000000c2400000, 0x00000000c4d80000, 0x00000000eb700000)
  object space 42496K, 2% used [0x00000000c2400000,0x00000000c2519ab0,0x00000000c4d80000)
 Metaspace       used 10901K, capacity 11064K, committed 11136K, reserved 1058816K
  class space    used 1301K, capacity 1345K, committed 1408K, reserved 1048576K
Event: 2.040 GC heap after
Heap after GC invocations=3 (full 0):
 PSYoungGen      total 34304K, used 2560K [0x00000000eb700000, 0x00000000efa00000, 0x0000000100000000)
  eden space 31744K, 0% used [0x00000000eb700000,0x00000000eb700000,0x00000000ed600000)
  from space 2560K, 100% used [0x00000000ed600000,0x00000000ed880000,0x00000000ed880000)
  to   space 2560K, 0% used [0x00000000ef780000,0x00000000ef780000,0x00000000efa00000)
 ParOldGen       total 42496K, used 4188K [0x00000000c2400000, 0x00000000c4d80000, 0x00000000eb700000)
  object space 42496K, 9% used [0x00000000c2400000,0x00000000c2817078,0x00000000c4d80000)
 Metaspace       used 10901K, capacity 11064K, committed 11136K, reserved 1058816K
  class space    used 1301K, capacity 1345K, committed 1408K, reserved 1048576K
}
Event: 2.894 GC heap before
{Heap before GC invocations=4 (full 0):
 PSYoungGen      total 34304K, used 34304K [0x00000000eb700000, 0x00000000efa00000, 0x0000000100000000)
  eden space 31744K, 100% used [0x00000000eb700000,0x00000000ed600000,0x00000000ed600000)
  from space 2560K, 100% used [0x00000000ed600000,0x00000000ed880000,0x00000000ed880000)
  to   space 2560K, 0% used [0x00000000ef780000,0x00000000ef780000,0x00000000efa00000)
 ParOldGen       total 42496K, used 4188K [0x00000000c2400000, 0x00000000c4d80000, 0x00000000eb700000)
  object space 42496K, 9% used [0x00000000c2400000,0x00000000c2817078,0x00000000c4d80000)
 Metaspace       used 14130K, capacity 14282K, committed 14464K, reserved 1062912K
  class space    used 1717K, capacity 1807K, committed 1920K, reserved 1048576K
Event: 2.915 GC heap after
Heap after GC invocations=4 (full 0):
 PSYoungGen      total 66048K, used 2560K [0x00000000eb700000, 0x00000000efa00000, 0x0000000100000000)
  eden space 63488K, 0% used [0x00000000eb700000,0x00000000eb700000,0x00000000ef500000)
  from space 2560K, 100% used [0x00000000ef780000,0x00000000efa00000,0x00000000efa00000)
  to   space 2560K, 0% used [0x00000000ef500000,0x00000000ef500000,0x00000000ef780000)
 ParOldGen       total 42496K, used 8106K [0x00000000c2400000, 0x00000000c4d80000, 0x00000000eb700000)
  object space 42496K, 19% used [0x00000000c2400000,0x00000000c2beaa60,0x00000000c4d80000)
 Metaspace       used 14130K, capacity 14282K, committed 14464K, reserved 1062912K
  class space    used 1717K, capacity 1807K, committed 1920K, reserved 1048576K
}
Event: 4.704 GC heap before
{Heap before GC invocations=5 (full 0):
 PSYoungGen      total 66048K, used 66048K [0x00000000eb700000, 0x00000000efa00000, 0x0000000100000000)
  eden space 63488K, 100% used [0x00000000eb700000,0x00000000ef500000,0x00000000ef500000)
  from space 2560K, 100% used [0x00000000ef780000,0x00000000efa00000,0x00000000efa00000)
  to   space 2560K, 0% used [0x00000000ef500000,0x00000000ef500000,0x00000000ef780000)
 ParOldGen       total 42496K, used 8106K [0x00000000c2400000, 0x00000000c4d80000, 0x00000000eb700000)
  object space 42496K, 19% used [0x00000000c2400000,0x00000000c2beaa60,0x00000000c4d80000)
 Metaspace       used 15973K, capacity 16324K, committed 16640K, reserved 1064960K
  class space    used 1884K, capacity 1986K, committed 2048K, reserved 1048576K

Deoptimization events (10 events):
Event: 3.902 Thread 0x00007fbe8400b800 Uncommon trap: reason=class_check action=maybe_recompile pc=0x00007fbe75632608 method=org.apache.maven.model.interpolation.StringSearchModelInterpolator$InterpolateObjectAction$MapField.doInterpolate(Ljava/lang/Object;Lorg/apache/maven/model/interpolation
Event: 3.902 Thread 0x00007fbe8400b800 Uncommon trap: reason=class_check action=maybe_recompile pc=0x00007fbe75632608 method=org.apache.maven.model.interpolation.StringSearchModelInterpolator$InterpolateObjectAction$MapField.doInterpolate(Ljava/lang/Object;Lorg/apache/maven/model/interpolation
Event: 3.903 Thread 0x00007fbe8400b800 Uncommon trap: reason=class_check action=maybe_recompile pc=0x00007fbe75632608 method=org.apache.maven.model.interpolation.StringSearchModelInterpolator$InterpolateObjectAction$MapField.doInterpolate(Ljava/lang/Object;Lorg/apache/maven/model/interpolation
Event: 4.054 Thread 0x00007fbe8400b800 Uncommon trap: reason=unstable_if action=reinterpret pc=0x00007fbe753b1f60 method=java.util.HashMap.getNode(ILjava/lang/Object;)Ljava/util/HashMap$Node; @ 53
Event: 4.115 Thread 0x00007fbe8400b800 Uncommon trap: reason=bimorphic action=maybe_recompile pc=0x00007fbe755a0964 method=java.util.concurrent.ConcurrentHashMap.get(Ljava/lang/Object;)Ljava/lang/Object; @ 149
Event: 4.125 Thread 0x00007fbe8400b800 Uncommon trap: reason=bimorphic action=maybe_recompile pc=0x00007fbe755a0964 method=java.util.concurrent.ConcurrentHashMap.get(Ljava/lang/Object;)Ljava/lang/Object; @ 149
Event: 4.131 Thread 0x00007fbe8400b800 Uncommon trap: reason=bimorphic action=maybe_recompile pc=0x00007fbe755a0964 method=java.util.concurrent.ConcurrentHashMap.get(Ljava/lang/Object;)Ljava/lang/Object; @ 149
Event: 4.190 Thread 0x00007fbe8400b800 Uncommon trap: reason=bimorphic action=maybe_recompile pc=0x00007fbe755a0964 method=java.util.concurrent.ConcurrentHashMap.get(Ljava/lang/Object;)Ljava/lang/Object; @ 149
Event: 4.452 Thread 0x00007fbe8400b800 Uncommon trap: reason=predicate action=maybe_recompile pc=0x00007fbe75724940 method=java.util.TimSort.binarySort([Ljava/lang/Object;IIILjava/util/Comparator;)V @ 37
Event: 4.605 Thread 0x00007fbe8400b800 Uncommon trap: reason=unstable_if action=reinterpret pc=0x00007fbe755a529c method=java.util.LinkedHashMap.afterNodeInsertion(Z)V @ 18

Classes redefined (0 events):
No events

Internal exceptions (10 events):
Event: 2.701 Thread 0x00007fbe8400b800 Exception <a 'java/lang/NullPointerException'> (0x00000000ed0f9f18) thrown at [/build/openjdk-8-OqY7zN/openjdk-8-8u222-b10/src/hotspot/src/share/vm/interpreter/linkResolver.cpp, line 1185]
Event: 2.701 Thread 0x00007fbe8400b800 Exception <a 'java/lang/NullPointerException'> (0x00000000ed0fa130) thrown at [/build/openjdk-8-OqY7zN/openjdk-8-8u222-b10/src/hotspot/src/share/vm/interpreter/linkResolver.cpp, line 1185]
Event: 2.701 Thread 0x00007fbe8400b800 Exception <a 'java/lang/NullPointerException'> (0x00000000ed0fa348) thrown at [/build/openjdk-8-OqY7zN/openjdk-8-8u222-b10/src/hotspot/src/share/vm/interpreter/linkResolver.cpp, line 1185]
Event: 2.701 Thread 0x00007fbe8400b800 Exception <a 'java/lang/NullPointerException'> (0x00000000ed102860) thrown at [/build/openjdk-8-OqY7zN/openjdk-8-8u222-b10/src/hotspot/src/share/vm/interpreter/linkResolver.cpp, line 1185]
Event: 2.701 Thread 0x00007fbe8400b800 Exception <a 'java/lang/NullPointerException'> (0x00000000ed102a78) thrown at [/build/openjdk-8-OqY7zN/openjdk-8-8u222-b10/src/hotspot/src/share/vm/interpreter/linkResolver.cpp, line 1185]
Event: 2.701 Thread 0x00007fbe8400b800 Exception <a 'java/lang/NullPointerException'> (0x00000000ed102c90) thrown at [/build/openjdk-8-OqY7zN/openjdk-8-8u222-b10/src/hotspot/src/share/vm/interpreter/linkResolver.cpp, line 1185]
Event: 3.412 Thread 0x00007fbe8400b800 Implicit null exception at 0x00007fbe752fa8f5 to 0x00007fbe752faad9
Event: 3.412 Thread 0x00007fbe8400b800 Implicit null exception at 0x00007fbe7536e82f to 0x00007fbe7536e899
Event: 3.506 Thread 0x00007fbe8400b800 Implicit null exception at 0x00007fbe755b7295 to 0x00007fbe755b7a8d
Event: 3.544 Thread 0x00007fbe8400b800 Implicit null exception at 0x00007fbe75340b98 to 0x00007fbe75340c26

Events (10 events):
Event: 4.564 loading class org/apache/maven/plugin/logging/Log
Event: 4.564 loading class org/apache/maven/plugin/logging/Log done
Event: 4.564 loading class org/apache/maven/artifact/resolver/filter/CumulativeScopeArtifactFilter
Event: 4.564 loading class org/apache/maven/artifact/resolver/filter/CumulativeScopeArtifactFilter done
Event: 4.565 loading class org/apache/maven/artifact/resolver/filter/AbstractScopeArtifactFilter
Event: 4.565 loading class org/apache/maven/artifact/resolver/filter/AbstractScopeArtifactFilter done
Event: 4.605 Thread 0x00007fbe8400b800 Uncommon trap: trap_request=0xffffff65 fr.pc=0x00007fbe755a529c
Event: 4.605 Thread 0x00007fbe8400b800 DEOPT PACKING pc=0x00007fbe755a529c sp=0x00007fbe8e125120
Event: 4.606 Thread 0x00007fbe8400b800 DEOPT UNPACKING pc=0x00007fbe7504547a sp=0x00007fbe8e1250c8 mode 2
Event: 4.704 Executing VM operation: ParallelGCFailedAllocation


Dynamic libraries:
c2400000-c4d80000 rw-p 00000000 00:00 0 
c4d80000-eb700000 ---p 00000000 00:00 0 
eb700000-efa00000 rw-p 00000000 00:00 0 
f4400000-100000000 ---p 00000000 00:00 0 
100000000-100200000 rw-p 00000000 00:00 0 
100200000-140000000 ---p 00000000 00:00 0 
55657dfe8000-55657dfe9000 r-xp 00000000 fc:01 3109045                    /usr/lib/jvm/java-8-openjdk-amd64/jre/bin/java
55657e1e8000-55657e1e9000 r--p 00000000 fc:01 3109045                    /usr/lib/jvm/java-8-openjdk-amd64/jre/bin/java
55657e1e9000-55657e1ea000 rw-p 00001000 fc:01 3109045                    /usr/lib/jvm/java-8-openjdk-amd64/jre/bin/java
55657e436000-55657e457000 rw-p 00000000 00:00 0                          [heap]
7fbe44000000-7fbe44021000 rw-p 00000000 00:00 0 
7fbe44021000-7fbe48000000 ---p 00000000 00:00 0 
7fbe4c000000-7fbe4c68f000 rw-p 00000000 00:00 0 
7fbe4c68f000-7fbe50000000 ---p 00000000 00:00 0 
7fbe50000000-7fbe50021000 rw-p 00000000 00:00 0 
7fbe50021000-7fbe54000000 ---p 00000000 00:00 0 
7fbe54000000-7fbe54021000 rw-p 00000000 00:00 0 
7fbe54021000-7fbe58000000 ---p 00000000 00:00 0 
7fbe58000000-7fbe585c3000 rw-p 00000000 00:00 0 
7fbe585c3000-7fbe5c000000 ---p 00000000 00:00 0 
7fbe5c000000-7fbe5c021000 rw-p 00000000 00:00 0 
7fbe5c021000-7fbe60000000 ---p 00000000 00:00 0 
7fbe60000000-7fbe60021000 rw-p 00000000 00:00 0 
7fbe60021000-7fbe64000000 ---p 00000000 00:00 0 
7fbe64000000-7fbe64021000 rw-p 00000000 00:00 0 
7fbe64021000-7fbe68000000 ---p 00000000 00:00 0 
7fbe68000000-7fbe68021000 rw-p 00000000 00:00 0 
7fbe68021000-7fbe6c000000 ---p 00000000 00:00 0 
7fbe6df2e000-7fbe6df6e000 rw-p 00000000 00:00 0 
7fbe6df6e000-7fbe6e12e000 ---p 00000000 00:00 0 
7fbe6e12e000-7fbe6e32e000 rw-p 00000000 00:00 0 
7fbe6e32e000-7fbe6e52e000 rw-p 00000000 00:00 0 
7fbe6e52e000-7fbe6e72e000 rw-p 00000000 00:00 0 
7fbe6e72e000-7fbe6e730000 r-xp 00000000 fc:01 2183                       /lib/x86_64-linux-gnu/libutil-2.27.so
7fbe6e730000-7fbe6e92f000 ---p 00002000 fc:01 2183                       /lib/x86_64-linux-gnu/libutil-2.27.so
7fbe6e92f000-7fbe6e930000 r--p 00001000 fc:01 2183                       /lib/x86_64-linux-gnu/libutil-2.27.so
7fbe6e930000-7fbe6e931000 rw-p 00002000 fc:01 2183                       /lib/x86_64-linux-gnu/libutil-2.27.so
7fbe6e931000-7fbe6e933000 r--s 0000d000 fc:01 2606981                    /root/.m2/repository/org/codehaus/plexus/plexus-interpolation/1.13/plexus-interpolation-1.13.jar
7fbe6e933000-7fbe6e934000 r--s 00001000 fc:01 2606979                    /root/.m2/repository/org/sonatype/plexus/plexus-build-api/0.0.4/plexus-build-api-0.0.4.jar
7fbe6e934000-7fbe6e936000 r--s 00009000 fc:01 2606977                    /root/.m2/repository/org/apache/maven/shared/maven-filtering/1.1/maven-filtering-1.1.jar
7fbe6e936000-7fbe6e93a000 r--s 00033000 fc:01 2606975                    /root/.m2/repository/org/codehaus/plexus/plexus-utils/2.0.5/plexus-utils-2.0.5.jar
7fbe6e93a000-7fbe6e93d000 r--s 0001b000 fc:01 1563910                    /root/.m2/repository/junit/junit/3.8.1/junit-3.8.1.jar
7fbe6e93d000-7fbe6e93f000 r--s 00002000 fc:01 1818318                    /root/.m2/repository/org/codehaus/plexus/plexus-interactivity-api/1.0-alpha-4/plexus-interactivity-api-1.0-alpha-4.jar
7fbe6e93f000-7fbe6e941000 r--s 00006000 fc:01 1818314                    /root/.m2/repository/commons-cli/commons-cli/1.0/commons-cli-1.0.jar
7fbe6e941000-7fbe6e942000 r--s 00001000 fc:01 1818310                    /root/.m2/repository/org/apache/maven/doxia/doxia-sink-api/1.0-alpha-7/doxia-sink-api-1.0-alpha-7.jar
7fbe6e942000-7fbe6e943000 r--s 00002000 fc:01 1818308                    /root/.m2/repository/org/apache/maven/reporting/maven-reporting-api/2.0.6/maven-reporting-api-2.0.6.jar
7fbe6e943000-7fbe6e945000 r--s 00006000 fc:01 1301125                    /root/.m2/repository/org/apache/maven/plugins/maven-resources-plugin/2.6/maven-resources-plugin-2.6.jar
7fbe6e945000-7fbe6e948000 r-xp 00000000 fc:01 2535                       /tmp/libjansi-1.17.1-5382675122711070371.so
7fbe6e948000-7fbe6eb47000 ---p 00003000 fc:01 2535                       /tmp/libjansi-1.17.1-5382675122711070371.so
7fbe6eb47000-7fbe6eb48000 rw-p 00002000 fc:01 2535                       /tmp/libjansi-1.17.1-5382675122711070371.so
7fbe6eb48000-7fbe6eb79000 rw-p 00000000 00:00 0 
7fbe6eb79000-7fbe6eb8f000 r-xp 00000000 fc:01 3109080                    /usr/lib/jvm/java-8-openjdk-amd64/jre/lib/amd64/libnet.so
7fbe6eb8f000-7fbe6ed8e000 ---p 00016000 fc:01 3109080                    /usr/lib/jvm/java-8-openjdk-amd64/jre/lib/amd64/libnet.so
7fbe6ed8e000-7fbe6ed8f000 r--p 00015000 fc:01 3109080                    /usr/lib/jvm/java-8-openjdk-amd64/jre/lib/amd64/libnet.so
7fbe6ed8f000-7fbe6ed90000 rw-p 00016000 fc:01 3109080                    /usr/lib/jvm/java-8-openjdk-amd64/jre/lib/amd64/libnet.so
7fbe6ed90000-7fbe6eda1000 r-xp 00000000 fc:01 3109081                    /usr/lib/jvm/java-8-openjdk-amd64/jre/lib/amd64/libnio.so
7fbe6eda1000-7fbe6efa0000 ---p 00011000 fc:01 3109081                    /usr/lib/jvm/java-8-openjdk-amd64/jre/lib/amd64/libnio.so
7fbe6efa0000-7fbe6efa1000 r--p 00010000 fc:01 3109081                    /usr/lib/jvm/java-8-openjdk-amd64/jre/lib/amd64/libnio.so
7fbe6efa1000-7fbe6efa2000 rw-p 00011000 fc:01 3109081                    /usr/lib/jvm/java-8-openjdk-amd64/jre/lib/amd64/libnio.so
7fbe6efa2000-7fbe6efa7000 r--s 000a3000 fc:01 3110418                    /usr/lib/jvm/java-8-openjdk-amd64/jre/lib/jsse.jar
7fbe6efa7000-7fbe6efa8000 r--s 00002000 fc:01 2606271                    /opt/eclipse/plugins/org.eclipse.m2e.maven.runtime.slf4j.simple_1.12.0.20190529-1915/jars/slf4j-simple-1.7.5.jar
7fbe6efa8000-7fbe6efac000 r--s 00023000 fc:01 2606242                    /opt/eclipse/plugins/org.eclipse.m2e.maven.runtime_1.12.0.20190529-1915/jars/maven-resolver-util-1.3.3.jar
7fbe6efac000-7fbe6efaf000 r--s 0002b000 fc:01 2606232                    /opt/eclipse/plugins/org.eclipse.m2e.maven.runtime_1.12.0.20190529-1915/jars/maven-model-3.6.1.jar
7fbe6efaf000-7fbe6efb2000 r--s 00026000 fc:01 2606245                    /opt/eclipse/plugins/org.eclipse.m2e.maven.runtime_1.12.0.20190529-1915/jars/maven-shared-utils-3.2.1.jar
7fbe6efb2000-7fbe6efb8000 r--s 00041000 fc:01 2606229                    /opt/eclipse/plugins/org.eclipse.m2e.maven.runtime_1.12.0.20190529-1915/jars/maven-compat-3.6.1.jar
7fbe6efb8000-7fbe6efbb000 r--s 00016000 fc:01 2606231                    /opt/eclipse/plugins/org.eclipse.m2e.maven.runtime_1.12.0.20190529-1915/jars/maven-embedder-3.6.1.jar
7fbe6efbb000-7fbe6efc6000 r--s 00075000 fc:01 2606223                    /opt/eclipse/plugins/org.eclipse.m2e.maven.runtime_1.12.0.20190529-1915/jars/guice-4.2.1-no_aop.jar
7fbe6efc6000-7fbe6efcb000 r--s 00020000 fc:01 2606236                    /opt/eclipse/plugins/org.eclipse.m2e.maven.runtime_1.12.0.20190529-1915/jars/maven-resolver-api-1.3.3.jar
7fbe6efcb000-7fbe6efcc000 r--s 0000a000 fc:01 2606243                    /opt/eclipse/plugins/org.eclipse.m2e.maven.runtime_1.12.0.20190529-1915/jars/maven-settings-3.6.1.jar
7fbe6efcc000-7fbe6efd0000 r--s 00042000 fc:01 2606225                    /opt/eclipse/plugins/org.eclipse.m2e.maven.runtime_1.12.0.20190529-1915/jars/jansi-1.17.1.jar
7fbe6efd0000-7fbe6efd2000 r--s 00009000 fc:01 2606237                    /opt/eclipse/plugins/org.eclipse.m2e.maven.runtime_1.12.0.20190529-1915/jars/maven-resolver-connector-basic-1.3.3.jar
7fbe6efd2000-7fbe6efd5000 r--s 00012000 fc:01 2606254                    /opt/eclipse/plugins/org.eclipse.m2e.maven.runtime_1.12.0.20190529-1915/jars/plexus-interpolation-1.25.jar
7fbe6efd5000-7fbe6efd7000 r--s 00009000 fc:01 2606244                    /opt/eclipse/plugins/org.eclipse.m2e.maven.runtime_1.12.0.20190529-1915/jars/maven-settings-builder-3.6.1.jar
7fbe6efd7000-7fbe6efd8000 r--s 00001000 fc:01 2606226                    /opt/eclipse/plugins/org.eclipse.m2e.maven.runtime_1.12.0.20190529-1915/jars/jsr250-api-1.0.jar
7fbe6efd8000-7fbe6f008000 r--s 00249000 fc:01 2606222                    /opt/eclipse/plugins/org.eclipse.m2e.maven.runtime_1.12.0.20190529-1915/jars/guava-25.1-android.jar
7fbe6f008000-7fbe6f010000 r--s 00073000 fc:01 2606220                    /opt/eclipse/plugins/org.eclipse.m2e.maven.runtime_1.12.0.20190529-1915/jars/commons-lang3-3.8.1.jar
7fbe6f010000-7fbe6f012000 r--s 0000a000 fc:01 2606234                    /opt/eclipse/plugins/org.eclipse.m2e.maven.runtime_1.12.0.20190529-1915/jars/maven-plugin-api-3.6.1.jar
7fbe6f012000-7fbe6f013000 r--s 00002000 fc:01 2606257                    /opt/eclipse/plugins/org.eclipse.m2e.maven.runtime_1.12.0.20190529-1915/jars/wagon-file-3.3.2.jar
7fbe6f013000-7fbe6f020000 r--s 0008e000 fc:01 2606230                    /opt/eclipse/plugins/org.eclipse.m2e.maven.runtime_1.12.0.20190529-1915/jars/maven-core-3.6.1.jar
7fbe6f020000-7fbe6f022000 r--s 00000000 fc:01 2606253                    /opt/eclipse/plugins/org.eclipse.m2e.maven.runtime_1.12.0.20190529-1915/jars/plexus-component-annotations-1.7.1.jar
7fbe6f022000-7fbe6f024000 r--s 00002000 fc:01 2606221                    /opt/eclipse/plugins/org.eclipse.m2e.maven.runtime_1.12.0.20190529-1915/jars/error_prone_annotations-2.1.3.jar
7fbe6f024000-7fbe6f025000 r--s 00006000 fc:01 2606235                    /opt/eclipse/plugins/org.eclipse.m2e.maven.runtime_1.12.0.20190529-1915/jars/maven-repository-metadata-3.6.1.jar
7fbe6f025000-7fbe6f026000 r--s 00003000 fc:01 2606228                    /opt/eclipse/plugins/org.eclipse.m2e.maven.runtime_1.12.0.20190529-1915/jars/maven-builder-support-3.6.1.jar
7fbe6f026000-7fbe6f029000 r--s 00008000 fc:01 2606217                    /opt/eclipse/plugins/org.eclipse.m2e.maven.runtime_1.12.0.20190529-1915/jars/cdi-api-1.0.jar
7fbe6f029000-7fbe6f02f000 r--s 0002d000 fc:01 2606249                    /opt/eclipse/plugins/org.eclipse.m2e.maven.runtime_1.12.0.20190529-1915/jars/org.eclipse.sisu.plexus-0.3.3.jar
7fbe6f02f000-7fbe6f032000 r--s 0000c000 fc:01 2606227                    /opt/eclipse/plugins/org.eclipse.m2e.maven.runtime_1.12.0.20190529-1915/jars/maven-artifact-3.6.1.jar
7fbe6f032000-7fbe6f034000 r--s 00006000 fc:01 2606241                    /opt/eclipse/plugins/org.eclipse.m2e.maven.runtime_1.12.0.20190529-1915/jars/maven-resolver-transport-wagon-1.3.3.jar
7fbe6f034000-7fbe6f039000 r--s 00027000 fc:01 2606233                    /opt/eclipse/plugins/org.eclipse.m2e.maven.runtime_1.12.0.20190529-1915/jars/maven-model-builder-3.6.1.jar
7fbe6f039000-7fbe6f03e000 r--s 00063000 fc:01 2606246                    /opt/eclipse/plugins/org.eclipse.m2e.maven.runtime_1.12.0.20190529-1915/jars/okhttp-3.14.1.jar
7fbe6f03e000-7fbe6f042000 r--s 00029000 fc:01 2606238                    /opt/eclipse/plugins/org.eclipse.m2e.maven.runtime_1.12.0.20190529-1915/jars/maven-resolver-impl-1.3.3.jar
7fbe6f042000-7fbe6f046000 r--s 0003d000 fc:01 2606256                    /opt/eclipse/plugins/org.eclipse.m2e.maven.runtime_1.12.0.20190529-1915/jars/plexus-utils-3.2.0.jar
7fbe6f046000-7fbe6f048000 r--s 00007000 fc:01 2606240                    /opt/eclipse/plugins/org.eclipse.m2e.maven.runtime_1.12.0.20190529-1915/jars/maven-resolver-spi-1.3.3.jar
7fbe6f048000-7fbe6f04a000 r--s 0000f000 fc:01 2606239                    /opt/eclipse/plugins/org.eclipse.m2e.maven.runtime_1.12.0.20190529-1915/jars/maven-resolver-provider-3.6.1.jar
7fbe6f04a000-7fbe6f04b000 r--s 00000000 fc:01 2606216                    /opt/eclipse/plugins/org.eclipse.m2e.maven.runtime_1.12.0.20190529-1915/jars/animal-sniffer-annotations-1.14.jar
7fbe6f04b000-7fbe6f04d000 r--s 00001000 fc:01 2606224                    /opt/eclipse/plugins/org.eclipse.m2e.maven.runtime_1.12.0.20190529-1915/jars/j2objc-annotations-1.1.jar
7fbe6f04d000-7fbe6f04f000 r--s 00002000 fc:01 2606251                    /opt/eclipse/plugins/org.eclipse.m2e.maven.runtime_1.12.0.20190529-1915/jars/plexus-cipher-1.7.jar
7fbe6f04f000-7fbe6f050000 r--s 00006000 fc:01 2606255                    /opt/eclipse/plugins/org.eclipse.m2e.maven.runtime_1.12.0.20190529-1915/jars/plexus-sec-dispatcher-1.4.jar
7fbe6f050000-7fbe6f057000 r--s 00056000 fc:01 2606248                    /opt/eclipse/plugins/org.eclipse.m2e.maven.runtime_1.12.0.20190529-1915/jars/org.eclipse.sisu.inject-0.3.3.jar
7fbe6f057000-7fbe6f059000 r--s 00015000 fc:01 2606247                    /opt/eclipse/plugins/org.eclipse.m2e.maven.runtime_1.12.0.20190529-1915/jars/okio-1.17.3.jar
7fbe6f059000-7fbe6f05b000 r--s 0000b000 fc:01 2606215                    /opt/eclipse/plugins/org.eclipse.m2e.maven.runtime_1.12.0.20190529-1915/jars/aether-connector-okhttp-0.17.6.jar
7fbe6f05b000-7fbe6f05d000 r--s 0000c000 fc:01 2606258                    /opt/eclipse/plugins/org.eclipse.m2e.maven.runtime_1.12.0.20190529-1915/jars/wagon-provider-api-3.3.2.jar
7fbe6f05d000-7fbe6f05f000 r--s 0000c000 fc:01 2606218                    /opt/eclipse/plugins/org.eclipse.m2e.maven.runtime_1.12.0.20190529-1915/jars/commons-cli-1.4.jar
7fbe6f05f000-7fbe6f063000 r--s 0002f000 fc:01 2606219                    /opt/eclipse/plugins/org.eclipse.m2e.maven.runtime_1.12.0.20190529-1915/jars/commons-io-2.5.jar
7fbe6f063000-7fbe6f065000 r--s 0000b000 fc:01 2606252                    /opt/eclipse/plugins/org.eclipse.m2e.maven.runtime_1.12.0.20190529-1915/jars/plexus-classworlds-2.6.0.jar
7fbe6f065000-7fbe6f067000 r--s 00001000 fc:01 3109100                    /usr/lib/jvm/java-8-openjdk-amd64/jre/lib/ext/dnsns.jar
7fbe6f067000-7fbe6f068000 r--s 0000d000 fc:01 3110401                    /usr/lib/jvm/java-8-openjdk-amd64/jre/lib/ext/sunec.jar
7fbe6f068000-7fbe6f06d000 r--s 0003c000 fc:01 3110402                    /usr/lib/jvm/java-8-openjdk-amd64/jre/lib/ext/sunjce_provider.jar
7fbe6f06d000-7fbe6f06e000 r--s 00010000 fc:01 3110404                    /usr/lib/jvm/java-8-openjdk-amd64/jre/lib/ext/zipfs.jar
7fbe6f06e000-7fbe6f078000 r--s 00116000 fc:01 3110399                    /usr/lib/jvm/java-8-openjdk-amd64/jre/lib/ext/localedata.jar
7fbe6f078000-7fbe6f079000 r--s 0000a000 fc:01 3110398                    /usr/lib/jvm/java-8-openjdk-amd64/jre/lib/ext/jaccess.jar
7fbe6f079000-7fbe6f094000 r--s 001d6000 fc:01 3110400                    /usr/lib/jvm/java-8-openjdk-amd64/jre/lib/ext/nashorn.jar
7fbe6f094000-7fbe6f095000 ---p 00000000 00:00 0 
7fbe6f095000-7fbe6f195000 rw-p 00000000 00:00 0 
7fbe6f195000-7fbe6f198000 ---p 00000000 00:00 0 
7fbe6f198000-7fbe6f296000 rw-p 00000000 00:00 0 
7fbe6f296000-7fbe6f297000 ---p 00000000 00:00 0 
7fbe6f297000-7fbe6f29a000 ---p 00000000 00:00 0 
7fbe6f29a000-7fbe6f397000 rw-p 00000000 00:00 0 
7fbe6f397000-7fbe6f398000 ---p 00000000 00:00 0 
7fbe6f398000-7fbe6f39b000 ---p 00000000 00:00 0 
7fbe6f39b000-7fbe6f498000 rw-p 00000000 00:00 0 
7fbe6f498000-7fbe6f49b000 ---p 00000000 00:00 0 
7fbe6f49b000-7fbe6f599000 rw-p 00000000 00:00 0 
7fbe6f599000-7fbe6f5ca000 r--p 00000000 fc:01 7809                       /usr/lib/locale/C.UTF-8/LC_CTYPE
7fbe6f5ca000-7fbe6f73d000 r--p 00000000 fc:01 7808                       /usr/lib/locale/C.UTF-8/LC_COLLATE
7fbe6f73d000-7fbe6f8d8000 r--p 00000000 fc:01 7803                       /usr/lib/locale/locale-archive
7fbe6f8d8000-7fbe6f8db000 ---p 00000000 00:00 0 
7fbe6f8db000-7fbe6f9d9000 rw-p 00000000 00:00 0 
7fbe6f9d9000-7fbe6f9dc000 ---p 00000000 00:00 0 
7fbe6f9dc000-7fbe6fada000 rw-p 00000000 00:00 0 
7fbe6fada000-7fbe6fadb000 ---p 00000000 00:00 0 
7fbe6fadb000-7fbe70000000 rw-p 00000000 00:00 0 
7fbe70000000-7fbe70021000 rw-p 00000000 00:00 0 
7fbe70021000-7fbe74000000 ---p 00000000 00:00 0 
7fbe74000000-7fbe74002000 r--s 00007000 fc:01 79599                      /usr/share/java/java-atk-wrapper.jar
7fbe74002000-7fbe7401d000 r--s 00394000 fc:01 3109099                    /usr/lib/jvm/java-8-openjdk-amd64/jre/lib/ext/cldrdata.jar
7fbe7401d000-7fbe74442000 rw-p 00000000 00:00 0 
7fbe74442000-7fbe74612000 r--s 03c5c000 fc:01 3110423                    /usr/lib/jvm/java-8-openjdk-amd64/jre/lib/rt.jar
7fbe74612000-7fbe75000000 rw-p 00000000 00:00 0 
7fbe75000000-7fbe75780000 rwxp 00000000 00:00 0 
7fbe75780000-7fbe84000000 ---p 00000000 00:00 0 
7fbe84000000-7fbe848ce000 rw-p 00000000 00:00 0 
7fbe848ce000-7fbe88000000 ---p 00000000 00:00 0 
7fbe88000000-7fbe88003000 r--s 00039000 fc:01 3110403                    /usr/lib/jvm/java-8-openjdk-amd64/jre/lib/ext/sunpkcs11.jar
7fbe88003000-7fbe88006000 r--s 0000f000 fc:01 3110397                    /usr/lib/jvm/java-8-openjdk-amd64/jre/lib/ext/icedtea-sound.jar
7fbe88006000-7fbe88007000 r--p 00000000 fc:01 7814                       /usr/lib/locale/C.UTF-8/LC_NUMERIC
7fbe88007000-7fbe88008000 r--p 00000000 fc:01 7817                       /usr/lib/locale/C.UTF-8/LC_TIME
7fbe88008000-7fbe88009000 r--p 00000000 fc:01 7812                       /usr/lib/locale/C.UTF-8/LC_MONETARY
7fbe88009000-7fbe8800a000 r--p 00000000 fc:01 7806                       /usr/lib/locale/C.UTF-8/LC_MESSAGES/SYS_LC_MESSAGES
7fbe8800a000-7fbe8800b000 r--p 00000000 fc:01 7815                       /usr/lib/locale/C.UTF-8/LC_PAPER
7fbe8800b000-7fbe8a083000 rw-p 00000000 00:00 0 
7fbe8a083000-7fbe8a084000 ---p 00000000 00:00 0 
7fbe8a084000-7fbe8a184000 rw-p 00000000 00:00 0 
7fbe8a184000-7fbe8a185000 ---p 00000000 00:00 0 
7fbe8a185000-7fbe8a29a000 rw-p 00000000 00:00 0 
7fbe8a29a000-7fbe8a3cf000 ---p 00000000 00:00 0 
7fbe8a3cf000-7fbe8a3e4000 rw-p 00000000 00:00 0 
7fbe8a3e4000-7fbe8a518000 ---p 00000000 00:00 0 
7fbe8a518000-7fbe8a53a000 rw-p 00000000 00:00 0 
7fbe8a53a000-7fbe8a5bd000 ---p 00000000 00:00 0 
7fbe8a5bd000-7fbe8a5dc000 rw-p 00000000 00:00 0 
7fbe8a5dc000-7fbe8a97e000 ---p 00000000 00:00 0 
7fbe8a97e000-7fbe8a986000 r-xp 00000000 fc:01 3109088                    /usr/lib/jvm/java-8-openjdk-amd64/jre/lib/amd64/libzip.so
7fbe8a986000-7fbe8ab85000 ---p 00008000 fc:01 3109088                    /usr/lib/jvm/java-8-openjdk-amd64/jre/lib/amd64/libzip.so
7fbe8ab85000-7fbe8ab86000 r--p 00007000 fc:01 3109088                    /usr/lib/jvm/java-8-openjdk-amd64/jre/lib/amd64/libzip.so
7fbe8ab86000-7fbe8ab87000 rw-p 00008000 fc:01 3109088                    /usr/lib/jvm/java-8-openjdk-amd64/jre/lib/amd64/libzip.so
7fbe8ab87000-7fbe8ab92000 r-xp 00000000 fc:01 2095                       /lib/x86_64-linux-gnu/libnss_files-2.27.so
7fbe8ab92000-7fbe8ad91000 ---p 0000b000 fc:01 2095                       /lib/x86_64-linux-gnu/libnss_files-2.27.so
7fbe8ad91000-7fbe8ad92000 r--p 0000a000 fc:01 2095                       /lib/x86_64-linux-gnu/libnss_files-2.27.so
7fbe8ad92000-7fbe8ad93000 rw-p 0000b000 fc:01 2095                       /lib/x86_64-linux-gnu/libnss_files-2.27.so
7fbe8ad93000-7fbe8ad99000 rw-p 00000000 00:00 0 
7fbe8ad99000-7fbe8adb0000 r-xp 00000000 fc:01 2092                       /lib/x86_64-linux-gnu/libnsl-2.27.so
7fbe8adb0000-7fbe8afaf000 ---p 00017000 fc:01 2092                       /lib/x86_64-linux-gnu/libnsl-2.27.so
7fbe8afaf000-7fbe8afb0000 r--p 00016000 fc:01 2092                       /lib/x86_64-linux-gnu/libnsl-2.27.so
7fbe8afb0000-7fbe8afb1000 rw-p 00017000 fc:01 2092                       /lib/x86_64-linux-gnu/libnsl-2.27.so
7fbe8afb1000-7fbe8afb3000 rw-p 00000000 00:00 0 
7fbe8afb3000-7fbe8afbe000 r-xp 00000000 fc:01 2097                       /lib/x86_64-linux-gnu/libnss_nis-2.27.so
7fbe8afbe000-7fbe8b1bd000 ---p 0000b000 fc:01 2097                       /lib/x86_64-linux-gnu/libnss_nis-2.27.so
7fbe8b1bd000-7fbe8b1be000 r--p 0000a000 fc:01 2097                       /lib/x86_64-linux-gnu/libnss_nis-2.27.so
7fbe8b1be000-7fbe8b1bf000 rw-p 0000b000 fc:01 2097                       /lib/x86_64-linux-gnu/libnss_nis-2.27.so
7fbe8b1bf000-7fbe8b1c7000 r-xp 00000000 fc:01 2093                       /lib/x86_64-linux-gnu/libnss_compat-2.27.so
7fbe8b1c7000-7fbe8b3c7000 ---p 00008000 fc:01 2093                       /lib/x86_64-linux-gnu/libnss_compat-2.27.so
7fbe8b3c7000-7fbe8b3c8000 r--p 00008000 fc:01 2093                       /lib/x86_64-linux-gnu/libnss_compat-2.27.so
7fbe8b3c8000-7fbe8b3c9000 rw-p 00009000 fc:01 2093                       /lib/x86_64-linux-gnu/libnss_compat-2.27.so
7fbe8b3c9000-7fbe8b3f3000 r-xp 00000000 fc:01 3109069                    /usr/lib/jvm/java-8-openjdk-amd64/jre/lib/amd64/libjava.so
7fbe8b3f3000-7fbe8b5f2000 ---p 0002a000 fc:01 3109069                    /usr/lib/jvm/java-8-openjdk-amd64/jre/lib/amd64/libjava.so
7fbe8b5f2000-7fbe8b5f3000 r--p 00029000 fc:01 3109069                    /usr/lib/jvm/java-8-openjdk-amd64/jre/lib/amd64/libjava.so
7fbe8b5f3000-7fbe8b5f5000 rw-p 0002a000 fc:01 3109069                    /usr/lib/jvm/java-8-openjdk-amd64/jre/lib/amd64/libjava.so
7fbe8b5f5000-7fbe8b605000 r-xp 00000000 fc:01 3109087                    /usr/lib/jvm/java-8-openjdk-amd64/jre/lib/amd64/libverify.so
7fbe8b605000-7fbe8b804000 ---p 00010000 fc:01 3109087                    /usr/lib/jvm/java-8-openjdk-amd64/jre/lib/amd64/libverify.so
7fbe8b804000-7fbe8b806000 r--p 0000f000 fc:01 3109087                    /usr/lib/jvm/java-8-openjdk-amd64/jre/lib/amd64/libverify.so
7fbe8b806000-7fbe8b807000 rw-p 00011000 fc:01 3109087                    /usr/lib/jvm/java-8-openjdk-amd64/jre/lib/amd64/libverify.so
7fbe8b807000-7fbe8b80e000 r-xp 00000000 fc:01 2181                       /lib/x86_64-linux-gnu/librt-2.27.so
7fbe8b80e000-7fbe8ba0d000 ---p 00007000 fc:01 2181                       /lib/x86_64-linux-gnu/librt-2.27.so
7fbe8ba0d000-7fbe8ba0e000 r--p 00006000 fc:01 2181                       /lib/x86_64-linux-gnu/librt-2.27.so
7fbe8ba0e000-7fbe8ba0f000 rw-p 00007000 fc:01 2181                       /lib/x86_64-linux-gnu/librt-2.27.so
7fbe8ba0f000-7fbe8ba26000 r-xp 00000000 fc:01 2098                       /lib/x86_64-linux-gnu/libgcc_s.so.1
7fbe8ba26000-7fbe8bc25000 ---p 00017000 fc:01 2098                       /lib/x86_64-linux-gnu/libgcc_s.so.1
7fbe8bc25000-7fbe8bc26000 r--p 00016000 fc:01 2098                       /lib/x86_64-linux-gnu/libgcc_s.so.1
7fbe8bc26000-7fbe8bc27000 rw-p 00017000 fc:01 2098                       /lib/x86_64-linux-gnu/libgcc_s.so.1
7fbe8bc27000-7fbe8bdc4000 r-xp 00000000 fc:01 2089                       /lib/x86_64-linux-gnu/libm-2.27.so
7fbe8bdc4000-7fbe8bfc3000 ---p 0019d000 fc:01 2089                       /lib/x86_64-linux-gnu/libm-2.27.so
7fbe8bfc3000-7fbe8bfc4000 r--p 0019c000 fc:01 2089                       /lib/x86_64-linux-gnu/libm-2.27.so
7fbe8bfc4000-7fbe8bfc5000 rw-p 0019d000 fc:01 2089                       /lib/x86_64-linux-gnu/libm-2.27.so
7fbe8bfc5000-7fbe8c13e000 r-xp 00000000 fc:01 5026                       /usr/lib/x86_64-linux-gnu/libstdc++.so.6.0.25
7fbe8c13e000-7fbe8c33e000 ---p 00179000 fc:01 5026                       /usr/lib/x86_64-linux-gnu/libstdc++.so.6.0.25
7fbe8c33e000-7fbe8c348000 r--p 00179000 fc:01 5026                       /usr/lib/x86_64-linux-gnu/libstdc++.so.6.0.25
7fbe8c348000-7fbe8c34a000 rw-p 00183000 fc:01 5026                       /usr/lib/x86_64-linux-gnu/libstdc++.so.6.0.25
7fbe8c34a000-7fbe8c34e000 rw-p 00000000 00:00 0 
7fbe8c34e000-7fbe8cfed000 r-xp 00000000 fc:01 3109090                    /usr/lib/jvm/java-8-openjdk-amd64/jre/lib/amd64/server/libjvm.so
7fbe8cfed000-7fbe8d1ed000 ---p 00c9f000 fc:01 3109090                    /usr/lib/jvm/java-8-openjdk-amd64/jre/lib/amd64/server/libjvm.so
7fbe8d1ed000-7fbe8d281000 r--p 00c9f000 fc:01 3109090                    /usr/lib/jvm/java-8-openjdk-amd64/jre/lib/amd64/server/libjvm.so
7fbe8d281000-7fbe8d2aa000 rw-p 00d33000 fc:01 3109090                    /usr/lib/jvm/java-8-openjdk-amd64/jre/lib/amd64/server/libjvm.so
7fbe8d2aa000-7fbe8d2da000 rw-p 00000000 00:00 0 
7fbe8d2da000-7fbe8d2f4000 r-xp 00000000 fc:01 2179                       /lib/x86_64-linux-gnu/libpthread-2.27.so
7fbe8d2f4000-7fbe8d4f3000 ---p 0001a000 fc:01 2179                       /lib/x86_64-linux-gnu/libpthread-2.27.so
7fbe8d4f3000-7fbe8d4f4000 r--p 00019000 fc:01 2179                       /lib/x86_64-linux-gnu/libpthread-2.27.so
7fbe8d4f4000-7fbe8d4f5000 rw-p 0001a000 fc:01 2179                       /lib/x86_64-linux-gnu/libpthread-2.27.so
7fbe8d4f5000-7fbe8d4f9000 rw-p 00000000 00:00 0 
7fbe8d4f9000-7fbe8d4fc000 r-xp 00000000 fc:01 2088                       /lib/x86_64-linux-gnu/libdl-2.27.so
7fbe8d4fc000-7fbe8d6fb000 ---p 00003000 fc:01 2088                       /lib/x86_64-linux-gnu/libdl-2.27.so
7fbe8d6fb000-7fbe8d6fc000 r--p 00002000 fc:01 2088                       /lib/x86_64-linux-gnu/libdl-2.27.so
7fbe8d6fc000-7fbe8d6fd000 rw-p 00003000 fc:01 2088                       /lib/x86_64-linux-gnu/libdl-2.27.so
7fbe8d6fd000-7fbe8d719000 r-xp 00000000 fc:01 2184                       /lib/x86_64-linux-gnu/libz.so.1.2.11
7fbe8d719000-7fbe8d918000 ---p 0001c000 fc:01 2184                       /lib/x86_64-linux-gnu/libz.so.1.2.11
7fbe8d918000-7fbe8d919000 r--p 0001b000 fc:01 2184                       /lib/x86_64-linux-gnu/libz.so.1.2.11
7fbe8d919000-7fbe8d91a000 rw-p 0001c000 fc:01 2184                       /lib/x86_64-linux-gnu/libz.so.1.2.11
7fbe8d91a000-7fbe8db01000 r-xp 00000000 fc:01 2085                       /lib/x86_64-linux-gnu/libc-2.27.so
7fbe8db01000-7fbe8dd01000 ---p 001e7000 fc:01 2085                       /lib/x86_64-linux-gnu/libc-2.27.so
7fbe8dd01000-7fbe8dd05000 r--p 001e7000 fc:01 2085                       /lib/x86_64-linux-gnu/libc-2.27.so
7fbe8dd05000-7fbe8dd07000 rw-p 001eb000 fc:01 2085                       /lib/x86_64-linux-gnu/libc-2.27.so
7fbe8dd07000-7fbe8dd0b000 rw-p 00000000 00:00 0 
7fbe8dd0b000-7fbe8dd19000 r-xp 00000000 fc:01 3109055                    /usr/lib/jvm/java-8-openjdk-amd64/jre/lib/amd64/jli/libjli.so
7fbe8dd19000-7fbe8df18000 ---p 0000e000 fc:01 3109055                    /usr/lib/jvm/java-8-openjdk-amd64/jre/lib/amd64/jli/libjli.so
7fbe8df18000-7fbe8df19000 r--p 0000d000 fc:01 3109055                    /usr/lib/jvm/java-8-openjdk-amd64/jre/lib/amd64/jli/libjli.so
7fbe8df19000-7fbe8df1a000 rw-p 0000e000 fc:01 3109055                    /usr/lib/jvm/java-8-openjdk-amd64/jre/lib/amd64/jli/libjli.so
7fbe8df1a000-7fbe8df41000 r-xp 00000000 fc:01 2081                       /lib/x86_64-linux-gnu/ld-2.27.so
7fbe8df41000-7fbe8df42000 r--p 00000000 fc:01 7813                       /usr/lib/locale/C.UTF-8/LC_NAME
7fbe8df42000-7fbe8df43000 r--p 00000000 fc:01 7807                       /usr/lib/locale/C.UTF-8/LC_ADDRESS
7fbe8df43000-7fbe8e028000 rw-p 00000000 00:00 0 
7fbe8e028000-7fbe8e029000 ---p 00000000 00:00 0 
7fbe8e029000-7fbe8e02c000 ---p 00000000 00:00 0 
7fbe8e02c000-7fbe8e12b000 rw-p 00000000 00:00 0 
7fbe8e12b000-7fbe8e12c000 r--p 00000000 fc:01 7816                       /usr/lib/locale/C.UTF-8/LC_TELEPHONE
7fbe8e12c000-7fbe8e12d000 r--p 00000000 fc:01 7811                       /usr/lib/locale/C.UTF-8/LC_MEASUREMENT
7fbe8e12d000-7fbe8e134000 r--s 00000000 fc:01 5019                       /usr/lib/x86_64-linux-gnu/gconv/gconv-modules.cache
7fbe8e134000-7fbe8e135000 r--p 00000000 fc:01 7810                       /usr/lib/locale/C.UTF-8/LC_IDENTIFICATION
7fbe8e135000-7fbe8e13d000 rw-s 00000000 fc:01 4657387                    /tmp/hsperfdata_root/19075
7fbe8e13d000-7fbe8e13e000 rw-p 00000000 00:00 0 
7fbe8e13e000-7fbe8e13f000 ---p 00000000 00:00 0 
7fbe8e13f000-7fbe8e141000 rw-p 00000000 00:00 0 
7fbe8e141000-7fbe8e142000 r--p 00027000 fc:01 2081                       /lib/x86_64-linux-gnu/ld-2.27.so
7fbe8e142000-7fbe8e143000 rw-p 00028000 fc:01 2081                       /lib/x86_64-linux-gnu/ld-2.27.so
7fbe8e143000-7fbe8e144000 rw-p 00000000 00:00 0 
7fff0ccbb000-7fff0ccdc000 rw-p 00000000 00:00 0                          [stack]
7fff0cde6000-7fff0cde9000 r--p 00000000 00:00 0                          [vvar]
7fff0cde9000-7fff0cdeb000 r-xp 00000000 00:00 0                          [vdso]
ffffffffff600000-ffffffffff601000 r-xp 00000000 00:00 0                  [vsyscall]

VM Arguments:
jvm_args: -Dmaven.home=EMBEDDED -Dclassworlds.conf=/root/eclipse-workspace/.metadata/.plugins/org.eclipse.m2e.launching/launches/m2conf2551908618613038164.tmp -Dmaven.multiModuleProjectDirectory=/root/eclipse-workspace/hotelapp -Dfile.encoding=UTF-8 
java_command: org.codehaus.plexus.classworlds.launcher.Launcher -B jetty:run
java_class_path (initial): /opt/eclipse/plugins/org.eclipse.m2e.maven.runtime_1.12.0.20190529-1915/jars/plexus-classworlds-2.6.0.jar
Launcher Type: SUN_STANDARD

Environment Variables:
PATH=/usr/local/sbin:/usr/local/bin:/usr/sbin:/usr/bin:/sbin:/bin
SHELL=/bin/sh
DISPLAY=:20.0

Signal Handlers:
SIGSEGV: [libjvm.so+0xab92f0], sa_mask[0]=11111111011111111101111111111110, sa_flags=SA_RESTART|SA_SIGINFO
SIGBUS: [libjvm.so+0xab92f0], sa_mask[0]=11111111011111111101111111111110, sa_flags=SA_RESTART|SA_SIGINFO
SIGFPE: [libjvm.so+0x8ee560], sa_mask[0]=11111111011111111101111111111110, sa_flags=SA_RESTART|SA_SIGINFO
SIGPIPE: [libjvm.so+0x8ee560], sa_mask[0]=11111111011111111101111111111110, sa_flags=SA_RESTART|SA_SIGINFO
SIGXFSZ: [libjvm.so+0x8ee560], sa_mask[0]=11111111011111111101111111111110, sa_flags=SA_RESTART|SA_SIGINFO
SIGILL: [libjvm.so+0x8ee560], sa_mask[0]=11111111011111111101111111111110, sa_flags=SA_RESTART|SA_SIGINFO
SIGUSR1: SIG_DFL, sa_mask[0]=00000000000000000000000000000000, sa_flags=none
SIGUSR2: [libjvm.so+0x8ee410], sa_mask[0]=00100000000000000000000000000000, sa_flags=SA_RESTART|SA_SIGINFO
SIGHUP: [libjvm.so+0x8eea80], sa_mask[0]=11111111011111111101111111111110, sa_flags=SA_RESTART|SA_SIGINFO
SIGINT: [libjvm.so+0x8eea80], sa_mask[0]=11111111011111111101111111111110, sa_flags=SA_RESTART|SA_SIGINFO
SIGTERM: [libjvm.so+0x8eea80], sa_mask[0]=11111111011111111101111111111110, sa_flags=SA_RESTART|SA_SIGINFO
SIGQUIT: [libjvm.so+0x8eea80], sa_mask[0]=11111111011111111101111111111110, sa_flags=SA_RESTART|SA_SIGINFO


---------------  S Y S T E M  ---------------

OS:DISTRIB_ID=Ubuntu
DISTRIB_RELEASE=18.04
DISTRIB_CODENAME=bionic
DISTRIB_DESCRIPTION="Ubuntu 18.04.2 LTS"

uname:Linux 4.15.0-58-generic #64-Ubuntu SMP Tue Aug 6 11:12:41 UTC 2019 x86_64
libc:glibc 2.27 NPTL 2.27 
rlimit: STACK 8192k, CORE 0k, NPROC 15678, NOFILE 4096, AS infinity
load average:0.56 0.47 0.40

/proc/meminfo:
MemTotal:        4039588 kB
MemFree:          106888 kB
MemAvailable:      26540 kB
Buffers:            5128 kB
Cached:           159284 kB
SwapCached:            0 kB
Active:          3594976 kB
Inactive:         139156 kB
Active(anon):    3570640 kB
Inactive(anon):   119600 kB
Active(file):      24336 kB
Inactive(file):    19556 kB
Unevictable:          32 kB
Mlocked:              32 kB
SwapTotal:             0 kB
SwapFree:              0 kB
Dirty:               236 kB
Writeback:             0 kB
AnonPages:       3569796 kB
Mapped:            73292 kB
Shmem:            120584 kB
Slab:              88960 kB
SReclaimable:      32692 kB
SUnreclaim:        56268 kB
KernelStack:       11520 kB
PageTables:        58304 kB
NFS_Unstable:          0 kB
Bounce:                0 kB
WritebackTmp:          0 kB
CommitLimit:     2019792 kB
Committed_AS:    8619384 kB
VmallocTotal:   34359738367 kB
VmallocUsed:           0 kB
VmallocChunk:          0 kB
HardwareCorrupted:     0 kB
AnonHugePages:         0 kB
ShmemHugePages:        0 kB
ShmemPmdMapped:        0 kB
CmaTotal:              0 kB
CmaFree:               0 kB
HugePages_Total:       0
HugePages_Free:        0
HugePages_Rsvd:        0
HugePages_Surp:        0
Hugepagesize:       2048 kB
DirectMap4k:      151532 kB
DirectMap2M:     4042752 kB
DirectMap1G:           0 kB

container (cgroup) information:
container_type: cgroupv1
cpu_cpuset_cpus: 0-1
cpu_memory_nodes: 0
active_processor_count: 2
cpu_quota: -1
cpu_period: 100000
cpu_shares: -1
memory_limit_in_bytes: -1
memory_and_swap_limit_in_bytes: -2
memory_soft_limit_in_bytes: -1
memory_usage_in_bytes: 3557859328
memory_max_usage_in_bytes: 3564642304


CPU:total 2 (initial active 2) (1 cores per cpu, 1 threads per core) family 6 model 62 stepping 4, cmov, cx8, fxsr, mmx, sse, sse2, sse3, ssse3, sse4.1, sse4.2, popcnt, avx, aes, clmul, erms, tsc

/proc/cpuinfo:
processor	: 0
vendor_id	: GenuineIntel
cpu family	: 6
model		: 62
model name	: Intel(R) Xeon(R) CPU E5-2630L v2 @ 2.40GHz
stepping	: 4
microcode	: 0x1
cpu MHz		: 2399.998
cache size	: 15360 KB
physical id	: 0
siblings	: 1
core id		: 0
cpu cores	: 1
apicid		: 0
initial apicid	: 0
fpu		: yes
fpu_exception	: yes
cpuid level	: 13
wp		: yes
flags		: fpu vme de pse tsc msr pae mce cx8 apic sep mtrr pge mca cmov pat pse36 clflush mmx fxsr sse sse2 ss syscall nx pdpe1gb rdtscp lm constant_tsc arch_perfmon rep_good nopl cpuid tsc_known_freq pni pclmulqdq vmx ssse3 cx16 pcid sse4_1 sse4_2 x2apic popcnt tsc_deadline_timer aes xsave avx f16c rdrand hypervisor lahf_lm pti ssbd ibrs ibpb tpr_shadow vnmi flexpriority ept vpid fsgsbase tsc_adjust smep erms xsaveopt md_clear
bugs		: cpu_meltdown spectre_v1 spectre_v2 spec_store_bypass l1tf mds swapgs
bogomips	: 4799.99
clflush size	: 64
cache_alignment	: 64
address sizes	: 40 bits physical, 48 bits virtual
power management:

processor	: 1
vendor_id	: GenuineIntel
cpu family	: 6
model		: 62
model name	: Intel(R) Xeon(R) CPU E5-2630L v2 @ 2.40GHz
stepping	: 4
microcode	: 0x1
cpu MHz		: 2399.998
cache size	: 15360 KB
physical id	: 1
siblings	: 1
core id		: 0
cpu cores	: 1
apicid		: 1
initial apicid	: 1
fpu		: yes
fpu_exception	: yes
cpuid level	: 13
wp		: yes
flags		: fpu vme de pse tsc msr pae mce cx8 apic sep mtrr pge mca cmov pat pse36 clflush mmx fxsr sse sse2 ss syscall nx pdpe1gb rdtscp lm constant_tsc arch_perfmon rep_good nopl cpuid tsc_known_freq pni pclmulqdq vmx ssse3 cx16 pcid sse4_1 sse4_2 x2apic popcnt tsc_deadline_timer aes xsave avx f16c rdrand hypervisor lahf_lm pti ssbd ibrs ibpb tpr_shadow vnmi flexpriority ept vpid fsgsbase tsc_adjust smep erms xsaveopt md_clear
bugs		: cpu_meltdown spectre_v1 spectre_v2 spec_store_bypass l1tf mds swapgs
bogomips	: 4799.99
clflush size	: 64
cache_alignment	: 64
address sizes	: 40 bits physical, 48 bits virtual
power management:



Memory: 4k page, physical 4039588k(106888k free), swap 0k(0k free)

vm_info: OpenJDK 64-Bit Server VM (25.222-b10) for linux-amd64 JRE (1.8.0_222-8u222-b10-1ubuntu1~18.04.1-b10), built on Jul 18 2019 18:52:48 by "buildd" with gcc 7.4.0

time: Tue Aug 20 11:32:27 2019
timezone: UTC
elapsed time: 4 seconds (0d 0h 0m 4s)

